<?xml version="1.0" encoding="UTF-8"?>
<testsuite name="com.bridgelabz.CensusAnalyserTest" tests="10" skipped="0" failures="0" errors="0" timestamp="2021-09-10T12:37:13" hostname="LAPTOP-NGQU5TVV" time="0.041">
  <properties/>
  <testcase name="GivenFileFormatIsIncorrectShouldThrowCustomException()" classname="com.bridgelabz.CensusAnalyserTest" time="0.022"/>
  <testcase name="whenGivenHeaderIsIncorrectShouldThrowCustomException()" classname="com.bridgelabz.CensusAnalyserTest" time="0.001"/>
  <testcase name="checkForExactNumberOfStatesWithFileSameTypeException()" classname="com.bridgelabz.CensusAnalyserTest" time="0.001"/>
  <testcase name="whenIncorrectDelimiterIsInsertedShouldThrowCustomException()" classname="com.bridgelabz.CensusAnalyserTest" time="0.001"/>
  <testcase name="givenStateCodeFileShouldBeOfSameTypeElseThrowCustomException()" classname="com.bridgelabz.CensusAnalyserTest" time="0.0"/>
  <testcase name="checkForNumberOfRecordIfCorrectAssertTrue()" classname="com.bridgelabz.CensusAnalyserTest" time="0.006"/>
  <testcase name="checkForHeaderIfIncorrectThrowCustomException()" classname="com.bridgelabz.CensusAnalyserTest" time="0.002"/>
  <testcase name="checkForExactNumberOfStates()" classname="com.bridgelabz.CensusAnalyserTest" time="0.002"/>
  <testcase name="checkForExactNumberOfStatesWithFileException()" classname="com.bridgelabz.CensusAnalyserTest" time="0.001"/>
  <testcase name="checkForDelimiterIfIncorrectThrowCustomException()" classname="com.bridgelabz.CensusAnalyserTest" time="0.001"/>
  <system-out><![CDATA[Path is correct!
Serial Number State Name TIN State Code
Header is correct
Delimiter is correct!
State Population Area Density
Header is correct
File path is correct!
Delimiter is correct!
]]></system-out>
  <system-err><![CDATA[]]></system-err>
</testsuite>
