<?xml version="1.0" encoding="UTF-8"?>
<testsuite name="com.bridgelabz.CensusAnalyserTest" tests="1" skipped="0" failures="0" errors="0" timestamp="2021-09-10T11:43:41" hostname="LAPTOP-NGQU5TVV" time="0.013">
  <properties/>
  <testcase name="checkForExactNumberOfStates()" classname="com.bridgelabz.CensusAnalyserTest" time="0.013"/>
  <system-out><![CDATA[]]></system-out>
  <system-err><![CDATA[]]></system-err>
</testsuite>
